<?xml version="1.0" encoding="UTF-8"?>
<!-- Generated by org.testng.reporters.JUnitXMLReporter -->
<testsuite ignored="0" hostname="Kowalskeee" failures="0" tests="6" name="Basic Test" time="49.318" errors="0" timestamp="2025-11-18T19:03:25 ICT">
  <testcase classname="com.juaracoding.swaglabs.LoginTest" name="loginSuccessWithValidCredentialTest" time="9.823"/>
  <testcase classname="com.juaracoding.swaglabs.LoginTest" name="loginFailedWithInvalidUsernameTest" time="8.173"/>
  <testcase classname="com.juaracoding.swaglabs.LoginTest" name="loginFailedWithInvalidPasswordTest" time="8.175"/>
  <testcase classname="com.juaracoding.swaglabs.LoginTest" name="loginFailedWithEmptyCredentialTest" time="6.929"/>
  <testcase classname="com.juaracoding.swaglabs.LoginTest" name="loginFailedWithEmptyPasswordTest" time="8.643"/>
  <testcase classname="com.juaracoding.swaglabs.InventoryTest" name="addSingleProductToChartTest" time="7.527"/>
</testsuite> <!-- Basic Test -->
