<?xml version="1.0" encoding="UTF-8"?>
<testsuite xmlns:xsi="http://www.w3.org/2001/XMLSchema-instance" xsi:noNamespaceSchemaLocation="https://maven.apache.org/surefire/maven-surefire-plugin/xsd/surefire-test-report-3.0.xsd" version="3.0" name="TestSuite" time="49.789" tests="6" errors="0" skipped="0" failures="0">
  <properties>
[...]
</properties>
  <testcase name="loginSuccessWithValidCredentialTest[standard_user, secret_sauce](1)" classname="com.juaracoding.swaglabs.LoginTest" time="9.821"/>
  <testcase name="loginFailedWithInvalidUsernameTest[invalid_user, secret_sauce](1)" classname="com.juaracoding.swaglabs.LoginTest" time="8.173"/>
  <testcase name="loginFailedWithInvalidPasswordTest[standard_user, invalid_password](1)" classname="com.juaracoding.swaglabs.LoginTest" time="8.175"/>
  <testcase name="loginFailedWithEmptyCredentialTest" classname="com.juaracoding.swaglabs.LoginTest" time="6.93"/>
  <testcase name="loginFailedWithEmptyPasswordTest[standard_user](1)" classname="com.juaracoding.swaglabs.LoginTest" time="8.644"/>
  <testcase name="addSingleProductToChartTest[standard_user, secret_sauce](1)" classname="com.juaracoding.swaglabs.InventoryTest" time="7.526"/>
</testsuite>